{"name": "test_login", "status": "failed", "statusDetails": {"message": "AssertionError: assert 300 == 200\n  -300\n  +200", "trace": "def test_login():\n        result = Api.login()\n>       assert 300 == result.status_code\nE       assert 300 == 200\nE         -300\nE         +200\n\ntests_api/tests/test_login.py:8: AssertionError"}, "steps": [{"name": "Login", "status": "passed", "start": 1578597846150, "stop": 1578597846346}], "attachments": [{"name": "log", "source": "38b3909a-96b8-4f84-8967-1730197fbb0c-attachment.txt", "type": "text/plain"}], "start": 1578597846150, "stop": 1578597846347, "uuid": "6947c636-ef2b-4961-8313-6a850e0ecaff", "historyId": "e9007b3c9eb0c43cc15689ad4e592c75", "testCaseId": "8c4e19530360d0e2bf33133a3ee53763", "fullName": "tests_api.tests.test_login#test_login", "labels": [{"name": "parentSuite", "value": "tests_api.tests"}, {"name": "suite", "value": "test_login"}, {"name": "host", "value": "MacBook-Air.local"}, {"name": "thread", "value": "8749-MainThread"}, {"name": "framework", "value": "pytest"}, {"name": "language", "value": "cpython3"}, {"name": "package", "value": "tests_api.tests.test_login"}]}